$ commit-and-tag-version -t context@ --releaseCommitMessageFormat "chore(release): context@{{currentTag}} [skip ci]"
√ bumping version in package.json from 1.0.0 to 1.0.1
√ outputting changes to CHANGELOG.md
√ committing package.json and CHANGELOG.md
warning: in the working copy of 'packages/context/CHANGELOG.md', LF will be replaced by CRLF the next time Git touches it
warning: in the working copy of 'packages/context/package.json', LF will be replaced by CRLF the next time Git touches it

warning: in the working copy of 'packages/context/CHANGELOG.md', LF will be replaced by CRLF the next time Git touches it
warning: in the working copy of 'packages/context/CHANGELOG.md', LF will be replaced by CRLF the next time Git touches it
√ tagging release context@1.0.1
warning: in the working copy of 'packages/context/package.json', LF will be replaced by CRLF the next time Git touches it
[33m[STARTED][39m Preparing lint-staged...
[32m[COMPLETED][39m Preparing lint-staged...
[33m[STARTED][39m Running tasks for staged files...
[33m[STARTED][39m package.json — 2 files
[33m[STARTED][39m *.{ts,js,json,md} — 2 files
[33m[STARTED][39m yarn lint:fix
[32m[COMPLETED][39m yarn lint:fix
[32m[COMPLETED][39m *.{ts,js,json,md} — 2 files
[32m[COMPLETED][39m package.json — 2 files
[32m[COMPLETED][39m Running tasks for staged files...
[33m[STARTED][39m Applying modifications from tasks...
[32m[COMPLETED][39m Applying modifications from tasks...
[33m[STARTED][39m Cleaning up temporary files...
[32m[COMPLETED][39m Cleaning up temporary files...

i Run `git push --follow-tags origin v1.x && npm publish` to publish
